nohup: ignoring input

Data Preparation
****************
/opt/conda/envs/4dplsca/lib/python3.7/site-packages/torch/utils/data/dataloader.py:481: UserWarning: This DataLoader will create 10 worker processes in total. Our suggested max number of worker in current system is 8, which is smaller than what this DataLoader is going to create. Please be aware that excessive worker creation might get DataLoader running slow or even freeze, lower the worker number to avoid potential slowness/freeze if necessary.
  cpuset_checked))

Starting Calibration (use verbose=True for more details)

Previous calibration found:
Check batch limit dictionary
[92m"random_51.000_0.061_1_83629": 1[0m
Check neighbors limit dictionary
[92m"random_83629_0.061_0.152": 18[0m
[92m"random_83629_0.122_0.305": 26[0m
[92m"random_83629_0.244_0.610": 30[0m
[92m"random_83629_0.488_1.220": 32[0m
[92m"random_83629_0.976_2.440": 33[0m
[92m"random_83629_1.952_4.880": 33[0m
Calibration done in 0.0s


Model Preparation
*****************
Model and training state restored.
Done in 6.4s


Start test
**********

Initialize workers
Done in 2.6s
e000-i0000 => 0.0% (timings : 130.24 23.54 8.33) / pots 0 => -1.0%
e000-i0001 => 0.5% (timings : 753.67 56.79 15.91) / pots 0 => -1.0%
e000-i0002 => 1.0% (timings : 1336.22 93.33 23.26) / pots 0 => -1.0%
e000-i0003 => 1.5% (timings : 2053.87 134.33 32.47) / pots 0 => -1.0%
e000-i0004 => 2.0% (timings : 1951.20 170.21 38.96) / pots 0 => -1.0%
e000-i0006 => 3.0% (timings : 1760.99 233.37 51.03) / pots 0 => -1.0%
e000-i0008 => 4.0% (timings : 1589.32 285.22 61.91) / pots 0 => -1.0%
e000-i0010 => 5.0% (timings : 1434.40 333.18 73.12) / pots 0 => -1.0%
e000-i0011 => 5.5% (timings : 1481.03 354.68 78.03) / pots 0 => -1.0%
e000-i0012 => 6.0% (timings : 2021.75 374.87 82.55) / pots 0 => -1.0%
e000-i0013 => 6.5% (timings : 2886.74 402.14 88.51) / pots 0 => -1.0%
e000-i0015 => 7.5% (timings : 2605.31 438.32 96.17) / pots 0 => -1.0%
e000-i0017 => 8.5% (timings : 2351.33 468.72 103.61) / pots 0 => -1.0%
e000-i0019 => 9.5% (timings : 2122.10 495.58 110.11) / pots 0 => -0.9%
e000-i0021 => 10.5% (timings : 1915.23 519.80 115.19) / pots 0 => -0.9%
e000-i0022 => 11.0% (timings : 2386.26 531.92 117.61) / pots 0 => -0.9%
e000-i0023 => 11.5% (timings : 3392.33 563.73 122.93) / pots 0 => -0.9%
e000-i0025 => 12.5% (timings : 3061.71 580.58 127.81) / pots 0 => -0.9%
e000-i0027 => 13.5% (timings : 2763.22 595.76 131.86) / pots 0 => -0.9%
e000-i0029 => 14.5% (timings : 2493.83 610.40 135.65) / pots 0 => -0.9%
e000-i0031 => 15.5% (timings : 2250.71 621.16 138.88) / pots 0 => -0.9%
e000-i0032 => 16.0% (timings : 2540.91 626.96 140.26) / pots 0 => -0.9%
e000-i0033 => 16.5% (timings : 3642.15 647.55 164.23) / pots 0 => -0.9%
e000-i0035 => 17.5% (timings : 3287.23 652.26 167.58) / pots 0 => -0.9%
e000-i0037 => 18.5% (timings : 2966.75 650.37 167.99) / pots 0 => -0.8%
e000-i0039 => 19.5% (timings : 2677.53 651.21 168.20) / pots 0 => -0.8%
e000-i0041 => 20.5% (timings : 2416.50 650.43 168.26) / pots 0 => -0.8%
e000-i0042 => 21.0% (timings : 2605.48 650.10 168.39) / pots 0 => -0.8%
e000-i0043 => 21.5% (timings : 3740.36 693.70 188.03) / pots 0 => -0.8%
e000-i0044 => 22.0% (timings : 3554.03 710.44 213.90) / pots 0 => -0.8%
e000-i0045 => 22.5% (timings : 3391.09 710.62 212.41) / pots 0 => -0.8%
e000-i0047 => 23.5% (timings : 3060.49 705.72 208.76) / pots 0 => -0.8%
e000-i0049 => 24.5% (timings : 2762.12 699.31 205.31) / pots 0 => -0.8%
e000-i0051 => 25.5% (timings : 2492.85 695.97 202.59) / pots 0 => -0.8%
e000-i0052 => 26.0% (timings : 2556.08 694.11 200.85) / pots 0 => -0.8%
e000-i0053 => 26.5% (timings : 3709.86 699.96 215.31) / pots 0 => -0.8%
e000-i0054 => 27.0% (timings : 3546.18 707.65 226.95) / pots 0 => -0.8%
e000-i0055 => 27.5% (timings : 3489.58 709.37 225.17) / pots 0 => -0.8%
e000-i0057 => 28.5% (timings : 3149.38 708.28 224.59) / pots 0 => -0.7%
e000-i0059 => 29.5% (timings : 2842.35 705.72 219.27) / pots 0 => -0.7%
e000-i0061 => 30.5% (timings : 2565.25 704.42 216.37) / pots 0 => -0.7%
e000-i0062 => 31.0% (timings : 2537.82 704.72 214.53) / pots 0 => -0.7%
